<?xml version="1.0" encoding="UTF-8"?>
<testng-results total="1" passed="1" failed="0" skipped="0">
  <reporter-output>
  </reporter-output>
  <suite started-at="2024-01-26T06:35:23Z" name="Default suite" finished-at="2024-01-26T06:36:12Z" duration-ms="48778">
    <groups>
    </groups>
    <test started-at="2024-01-26T06:35:23Z" name="Default test" finished-at="2024-01-26T06:36:12Z" duration-ms="48778">
      <class name="com.crm.crm_hybridframework.logintest.TestLogin">
        <test-method signature="test()[pri:0, instance:com.crm.crm_hybridframework.logintest.TestLogin@6bbe85a8]" started-at="2024-01-26T12:05:23Z" name="test" finished-at="2024-01-26T12:06:12Z" duration-ms="48766" status="PASS">
          <reporter-output>
          </reporter-output>
        </test-method> <!-- test -->
      </class> <!-- com.crm.crm_hybridframework.logintest.TestLogin -->
    </test> <!-- Default test -->
  </suite> <!-- Default suite -->
</testng-results>
